<?xml version="1.0" encoding="UTF-8"?>
<testsuite xmlns:xsi="http://www.w3.org/2001/XMLSchema-instance" xsi:noNamespaceSchemaLocation="https://maven.apache.org/surefire/maven-surefire-plugin/xsd/surefire-test-report.xsd" name="com.aliyuncs.endpoint.location.model.v20150612.DescribeEndpointsResponseTest" time="0" tests="3" errors="0" skipped="0" failures="0">
  <properties>
    <property name="gopherProxySet" value="false"/>
    <property name="awt.toolkit" value="sun.lwawt.macosx.LWCToolkit"/>
    <property name="file.encoding.pkg" value="sun.io"/>
    <property name="java.specification.version" value="1.8"/>
    <property name="sun.cpu.isalist" value=""/>
    <property name="sun.jnu.encoding" value="UTF-8"/>
    <property name="java.class.path" value="/Users/cuizhiyuan/IdeaProjects/aliyun-openapi-java-sdk/aliyun-java-sdk-core/target/test-classes:/Users/cuizhiyuan/IdeaProjects/aliyun-openapi-java-sdk/aliyun-java-sdk-core/target/classes:/Users/cuizhiyuan/.m2/repository/junit/junit/4.12/junit-4.12.jar:/Users/cuizhiyuan/.m2/repository/org/hamcrest/hamcrest-core/1.3/hamcrest-core-1.3.jar:/Users/cuizhiyuan/.m2/repository/com/google/code/gson/gson/2.8.5/gson-2.8.5.jar:/Users/cuizhiyuan/.m2/repository/org/apache/httpcomponents/httpclient/4.5.9/httpclient-4.5.9.jar:/Users/cuizhiyuan/.m2/repository/commons-codec/commons-codec/1.11/commons-codec-1.11.jar:/Users/cuizhiyuan/.m2/repository/org/apache/httpcomponents/httpcore/4.4.11/httpcore-4.4.11.jar:/Users/cuizhiyuan/.m2/repository/commons-logging/commons-logging/1.2/commons-logging-1.2.jar:/Users/cuizhiyuan/.m2/repository/javax/xml/bind/jaxb-api/2.3.1/jaxb-api-2.3.1.jar:/Users/cuizhiyuan/.m2/repository/javax/activation/javax.activation-api/1.2.0/javax.activation-api-1.2.0.jar:/Users/cuizhiyuan/.m2/repository/org/mockito/mockito-core/3.0.0/mockito-core-3.0.0.jar:/Users/cuizhiyuan/.m2/repository/net/bytebuddy/byte-buddy/1.9.10/byte-buddy-1.9.10.jar:/Users/cuizhiyuan/.m2/repository/net/bytebuddy/byte-buddy-agent/1.9.10/byte-buddy-agent-1.9.10.jar:/Users/cuizhiyuan/.m2/repository/org/objenesis/objenesis/2.6/objenesis-2.6.jar:/Users/cuizhiyuan/.m2/repository/org/powermock/powermock-core/2.0.2/powermock-core-2.0.2.jar:/Users/cuizhiyuan/.m2/repository/org/javassist/javassist/3.24.0-GA/javassist-3.24.0-GA.jar:/Users/cuizhiyuan/.m2/repository/org/powermock/powermock-reflect/2.0.2/powermock-reflect-2.0.2.jar:/Users/cuizhiyuan/.m2/repository/org/powermock/powermock-module-junit4/2.0.2/powermock-module-junit4-2.0.2.jar:/Users/cuizhiyuan/.m2/repository/org/powermock/powermock-module-junit4-common/2.0.2/powermock-module-junit4-common-2.0.2.jar:/Users/cuizhiyuan/.m2/repository/org/powermock/powermock-api-mockito2/2.0.2/powermock-api-mockito2-2.0.2.jar:/Users/cuizhiyuan/.m2/repository/org/powermock/powermock-api-support/2.0.2/powermock-api-support-2.0.2.jar:/Users/cuizhiyuan/.m2/repository/org/jacoco/org.jacoco.agent/0.8.3/org.jacoco.agent-0.8.3-runtime.jar:/Users/cuizhiyuan/.m2/repository/org/projectlombok/lombok/1.18.8/lombok-1.18.8.jar:/Users/cuizhiyuan/.m2/repository/org/ini4j/ini4j/0.5.4/ini4j-0.5.4.jar:/Users/cuizhiyuan/.m2/repository/org/slf4j/slf4j-api/1.7.28/slf4j-api-1.7.28.jar:/Users/cuizhiyuan/.m2/repository/org/slf4j/slf4j-simple/1.7.28/slf4j-simple-1.7.28.jar:"/>
    <property name="java.vm.vendor" value="Oracle Corporation"/>
    <property name="sun.arch.data.model" value="64"/>
    <property name="java.vendor.url" value="http://java.oracle.com/"/>
    <property name="user.timezone" value=""/>
    <property name="java.vm.specification.version" value="1.8"/>
    <property name="os.name" value="Mac OS X"/>
    <property name="user.country" value="CN"/>
    <property name="sun.java.launcher" value="SUN_STANDARD"/>
    <property name="sun.boot.library.path" value="/Library/Java/JavaVirtualMachines/jdk1.8.0_221.jdk/Contents/Home/jre/lib"/>
    <property name="sun.java.command" value="/Users/cuizhiyuan/IdeaProjects/aliyun-openapi-java-sdk/aliyun-java-sdk-core/target/surefire/surefirebooter6169919653231527888.jar /Users/cuizhiyuan/IdeaProjects/aliyun-openapi-java-sdk/aliyun-java-sdk-core/target/surefire 2019-08-19T20-59-44_329-jvmRun1 surefire8748298356903034604tmp surefire_09129669160526405695tmp"/>
    <property name="http.nonProxyHosts" value="local|*.local|169.254/16|*.169.254/16"/>
    <property name="surefire.test.class.path" value="/Users/cuizhiyuan/IdeaProjects/aliyun-openapi-java-sdk/aliyun-java-sdk-core/target/test-classes:/Users/cuizhiyuan/IdeaProjects/aliyun-openapi-java-sdk/aliyun-java-sdk-core/target/classes:/Users/cuizhiyuan/.m2/repository/junit/junit/4.12/junit-4.12.jar:/Users/cuizhiyuan/.m2/repository/org/hamcrest/hamcrest-core/1.3/hamcrest-core-1.3.jar:/Users/cuizhiyuan/.m2/repository/com/google/code/gson/gson/2.8.5/gson-2.8.5.jar:/Users/cuizhiyuan/.m2/repository/org/apache/httpcomponents/httpclient/4.5.9/httpclient-4.5.9.jar:/Users/cuizhiyuan/.m2/repository/commons-codec/commons-codec/1.11/commons-codec-1.11.jar:/Users/cuizhiyuan/.m2/repository/org/apache/httpcomponents/httpcore/4.4.11/httpcore-4.4.11.jar:/Users/cuizhiyuan/.m2/repository/commons-logging/commons-logging/1.2/commons-logging-1.2.jar:/Users/cuizhiyuan/.m2/repository/javax/xml/bind/jaxb-api/2.3.1/jaxb-api-2.3.1.jar:/Users/cuizhiyuan/.m2/repository/javax/activation/javax.activation-api/1.2.0/javax.activation-api-1.2.0.jar:/Users/cuizhiyuan/.m2/repository/org/mockito/mockito-core/3.0.0/mockito-core-3.0.0.jar:/Users/cuizhiyuan/.m2/repository/net/bytebuddy/byte-buddy/1.9.10/byte-buddy-1.9.10.jar:/Users/cuizhiyuan/.m2/repository/net/bytebuddy/byte-buddy-agent/1.9.10/byte-buddy-agent-1.9.10.jar:/Users/cuizhiyuan/.m2/repository/org/objenesis/objenesis/2.6/objenesis-2.6.jar:/Users/cuizhiyuan/.m2/repository/org/powermock/powermock-core/2.0.2/powermock-core-2.0.2.jar:/Users/cuizhiyuan/.m2/repository/org/javassist/javassist/3.24.0-GA/javassist-3.24.0-GA.jar:/Users/cuizhiyuan/.m2/repository/org/powermock/powermock-reflect/2.0.2/powermock-reflect-2.0.2.jar:/Users/cuizhiyuan/.m2/repository/org/powermock/powermock-module-junit4/2.0.2/powermock-module-junit4-2.0.2.jar:/Users/cuizhiyuan/.m2/repository/org/powermock/powermock-module-junit4-common/2.0.2/powermock-module-junit4-common-2.0.2.jar:/Users/cuizhiyuan/.m2/repository/org/powermock/powermock-api-mockito2/2.0.2/powermock-api-mockito2-2.0.2.jar:/Users/cuizhiyuan/.m2/repository/org/powermock/powermock-api-support/2.0.2/powermock-api-support-2.0.2.jar:/Users/cuizhiyuan/.m2/repository/org/jacoco/org.jacoco.agent/0.8.3/org.jacoco.agent-0.8.3-runtime.jar:/Users/cuizhiyuan/.m2/repository/org/projectlombok/lombok/1.18.8/lombok-1.18.8.jar:/Users/cuizhiyuan/.m2/repository/org/ini4j/ini4j/0.5.4/ini4j-0.5.4.jar:/Users/cuizhiyuan/.m2/repository/org/slf4j/slf4j-api/1.7.28/slf4j-api-1.7.28.jar:/Users/cuizhiyuan/.m2/repository/org/slf4j/slf4j-simple/1.7.28/slf4j-simple-1.7.28.jar:"/>
    <property name="sun.cpu.endian" value="little"/>
    <property name="user.home" value="/Users/cuizhiyuan"/>
    <property name="user.language" value="zh"/>
    <property name="java.specification.vendor" value="Oracle Corporation"/>
    <property name="java.home" value="/Library/Java/JavaVirtualMachines/jdk1.8.0_221.jdk/Contents/Home/jre"/>
    <property name="basedir" value="/Users/cuizhiyuan/IdeaProjects/aliyun-openapi-java-sdk/aliyun-java-sdk-core"/>
    <property name="file.separator" value="/"/>
    <property name="line.separator" value="&#10;"/>
    <property name="java.vm.specification.vendor" value="Oracle Corporation"/>
    <property name="java.specification.name" value="Java Platform API Specification"/>
    <property name="java.awt.graphicsenv" value="sun.awt.CGraphicsEnvironment"/>
    <property name="surefire.real.class.path" value="/Users/cuizhiyuan/IdeaProjects/aliyun-openapi-java-sdk/aliyun-java-sdk-core/target/surefire/surefirebooter6169919653231527888.jar"/>
    <property name="sun.boot.class.path" value="/Library/Java/JavaVirtualMachines/jdk1.8.0_221.jdk/Contents/Home/jre/lib/resources.jar:/Library/Java/JavaVirtualMachines/jdk1.8.0_221.jdk/Contents/Home/jre/lib/rt.jar:/Library/Java/JavaVirtualMachines/jdk1.8.0_221.jdk/Contents/Home/jre/lib/sunrsasign.jar:/Library/Java/JavaVirtualMachines/jdk1.8.0_221.jdk/Contents/Home/jre/lib/jsse.jar:/Library/Java/JavaVirtualMachines/jdk1.8.0_221.jdk/Contents/Home/jre/lib/jce.jar:/Library/Java/JavaVirtualMachines/jdk1.8.0_221.jdk/Contents/Home/jre/lib/charsets.jar:/Library/Java/JavaVirtualMachines/jdk1.8.0_221.jdk/Contents/Home/jre/lib/jfr.jar:/Library/Java/JavaVirtualMachines/jdk1.8.0_221.jdk/Contents/Home/jre/classes"/>
    <property name="sun.management.compiler" value="HotSpot 64-Bit Tiered Compilers"/>
    <property name="ftp.nonProxyHosts" value="local|*.local|169.254/16|*.169.254/16"/>
    <property name="java.runtime.version" value="1.8.0_221-b11"/>
    <property name="user.name" value="cuizhiyuan"/>
    <property name="path.separator" value=":"/>
    <property name="os.version" value="10.14.5"/>
    <property name="java.endorsed.dirs" value="/Library/Java/JavaVirtualMachines/jdk1.8.0_221.jdk/Contents/Home/jre/lib/endorsed"/>
    <property name="java.runtime.name" value="Java(TM) SE Runtime Environment"/>
    <property name="file.encoding" value="US-ASCII"/>
    <property name="java.vm.name" value="Java HotSpot(TM) 64-Bit Server VM"/>
    <property name="localRepository" value="/Users/cuizhiyuan/.m2/repository"/>
    <property name="java.vendor.url.bug" value="http://bugreport.sun.com/bugreport/"/>
    <property name="java.io.tmpdir" value="/var/folders/74/4vywv2n90550s89k4w1xz4jw0000gn/T/"/>
    <property name="idea.version" value="2018.3.6"/>
    <property name="java.version" value="1.8.0_221"/>
    <property name="user.dir" value="/Users/cuizhiyuan/IdeaProjects/aliyun-openapi-java-sdk/aliyun-java-sdk-core"/>
    <property name="os.arch" value="x86_64"/>
    <property name="java.vm.specification.name" value="Java Virtual Machine Specification"/>
    <property name="java.awt.printerjob" value="sun.lwawt.macosx.CPrinterJob"/>
    <property name="sun.os.patch.level" value="unknown"/>
    <property name="java.library.path" value="/Users/cuizhiyuan/Library/Java/Extensions:/Library/Java/Extensions:/Network/Library/Java/Extensions:/System/Library/Java/Extensions:/usr/lib/java:."/>
    <property name="java.vm.info" value="mixed mode"/>
    <property name="java.vendor" value="Oracle Corporation"/>
    <property name="java.vm.version" value="25.221-b11"/>
    <property name="java.ext.dirs" value="/Users/cuizhiyuan/Library/Java/Extensions:/Library/Java/JavaVirtualMachines/jdk1.8.0_221.jdk/Contents/Home/jre/lib/ext:/Library/Java/Extensions:/Network/Library/Java/Extensions:/System/Library/Java/Extensions:/usr/lib/java"/>
    <property name="sun.io.unicode.encoding" value="UnicodeBig"/>
    <property name="java.class.version" value="52.0"/>
    <property name="socksNonProxyHosts" value="local|*.local|169.254/16|*.169.254/16"/>
    <property name="jacoco-agent.destfile" value="/Users/cuizhiyuan/IdeaProjects/aliyun-openapi-java-sdk/aliyun-java-sdk-core/target/coverage.exec"/>
  </properties>
  <testcase name="testEndpoint" classname="com.aliyuncs.endpoint.location.model.v20150612.DescribeEndpointsResponseTest" time="0"/>
  <testcase name="testGetInstance" classname="com.aliyuncs.endpoint.location.model.v20150612.DescribeEndpointsResponseTest" time="0"/>
  <testcase name="testDescribeEndpointsResponse" classname="com.aliyuncs.endpoint.location.model.v20150612.DescribeEndpointsResponseTest" time="0"/>
</testsuite>